C51 COMPILER V9.00   DELAY                                                                 08/19/2014 19:44:31 PAGE 1   


C51 COMPILER V9.00, COMPILATION OF MODULE DELAY
OBJECT MODULE PLACED IN delay.OBJ
COMPILER INVOKED BY: D:\Program Files\keil\C51\BIN\C51.EXE delay.c BROWSE DEBUG OBJECTEXTEND

line level    source

   1          #include<intrins.h>
   2          #include "delay.h"
   3          
   4          uchar i,j,k;
   5          void delayms(uchar k)           //@22.1184MHz
   6          {
   7   1      
   8   1              i = 22;
   9   1              j = 128;
  10   1              for(;k>0;k--)
  11   1              {
  12   2                      do
  13   2                      {
  14   3                              while (--j);
  15   3                      } while (--i);
  16   2              }
  17   1      }
  18          
  19          void delay50us(uchar i)         //@22.1184MHz
  20          {
  21   1      
  22   1              j = 30;
  23   1              do
  24   1              {
  25   2                      while (--j);
  26   2              } while (--i);
  27   1      }


MODULE INFORMATION:   STATIC OVERLAYABLE
   CODE SIZE        =     31    ----
   CONSTANT SIZE    =   ----    ----
   XDATA SIZE       =   ----    ----
   PDATA SIZE       =   ----    ----
   DATA SIZE        =      3    ----
   IDATA SIZE       =   ----    ----
   BIT SIZE         =   ----    ----
END OF MODULE INFORMATION.


C51 COMPILATION COMPLETE.  0 WARNING(S),  0 ERROR(S)
