C51 COMPILER V9.00   MAIN                                                                  08/19/2014 19:56:33 PAGE 1   


C51 COMPILER V9.00, COMPILATION OF MODULE MAIN
OBJECT MODULE PLACED IN main.OBJ
COMPILER INVOKED BY: D:\Program Files\keil\C51\BIN\C51.EXE main.c BROWSE DEBUG OBJECTEXTEND

line level    source

   1          /*****************************************
   2          
   3            本程序免费开源，目的在于相互学习
   4            请勿用于商业。
   5          
   6            QQ：754432568
   7          
   8            邮箱：wojiushihuxq@126.com        
   9                                                                                                                                                    
  10            本程序  动画部分是照搬了网上流传的代码                                                          
  11            目前不清楚谁是作者。除了动画外所有代码都是本人手打                                      
  12                                                                                                                                                    
  13            还有很多待优化的部分，望大家修改后，也能发一份给我，
  14            发到我的邮箱
  15                                                                                                                          
  16          
  17          
  18          ********************************************/
  19          
  20          
  21          
  22          #include<stc12c5a60s2.h>//添加头文件
  23          #include<intrins.h>
  24          #include "ds1302.h"
  25          #include "IR.h"
  26          #include "MAIN.h"
  27          #include "MEUN.h"
  28          #include "KEY.h"
  29          #include "delay.h"
  30          #include "time.h"
  31          #include "video.h"
  32          
  33          
  34          void init(void);
  35          
  36          
  37          void main()
  38          {
  39   1              init();
  40   1              mod=0x00;
  41   1              P4=0xff;
  42   1              while(1)
  43   1              {
  44   2                      k2=0;
  45   2                      meun();
  46   2                      k2=0;
  47   2                      if(flag==0)
  48   2                      {
  49   3                              while(1)
  50   3                              {       
  51   4                                      time();
  52   4                                      key_2();
  53   4                                      ir();
  54   4                                      if(ircode[2]==0x46)k2=1;
  55   4                                      ircode[2]=0;
C51 COMPILER V9.00   MAIN                                                                  08/19/2014 19:56:33 PAGE 2   

  56   4                                      if(k2==1)break; 
  57   4                              }
  58   3                      }
  59   2                      if(flag==1)settime();   
  60   2      
  61   2      
  62   2                      if(flag==2)
  63   2                      {
  64   3                              while(1)
  65   3                              {       
  66   4                                      video();
  67   4                                      ET0=0;
  68   4                                      TR0=0;
  69   4                                      key_2();
  70   4                                      ir();
  71   4                                      if(ircode[2]==0x46)k2=1;
  72   4                                      ircode[2]=0; 
  73   4                                      if(k2==1)break;                                 
  74   4                              }
  75   3                      }
  76   2                      if(flag==3)
  77   2                      {
  78   3                      delayms(100);
  79   3                      P4=0x00;
  80   3                      ET1=0;
  81   3                      PCON=0X02;
  82   3                      _nop_();
  83   3                      _nop_();
  84   3                      _nop_();
  85   3                      _nop_();
  86   3                      _nop_();
  87   3                      _nop_();_nop_();_nop_();_nop_();
  88   3                      delayms(100);
  89   3                      P4=0xff;
  90   3                      ET1=1;  
  91   3                      }
  92   2                         
  93   2              }          
  94   1      }
  95          
  96          
  97          void init()
  98          {
  99   1              P0M0=0XFF;
 100   1              P1M0=0XFF;
 101   1              P2M0=0XFF;
 102   1      //      P3M0=0XFF;
 103   1              P4M0=0XFF;
 104   1              Timer1Init();                   //初始化定时器
 105   1              Int0Init();
 106   1              DS1302_Initial();
 107   1              ET0=0;
 108   1              TR0=0;
 109   1      }
 110          
 111          
 112          


MODULE INFORMATION:   STATIC OVERLAYABLE
   CODE SIZE        =    155    ----
   CONSTANT SIZE    =   ----    ----
C51 COMPILER V9.00   MAIN                                                                  08/19/2014 19:56:33 PAGE 3   

   XDATA SIZE       =   ----    ----
   PDATA SIZE       =   ----    ----
   DATA SIZE        =   ----    ----
   IDATA SIZE       =   ----    ----
   BIT SIZE         =   ----    ----
END OF MODULE INFORMATION.


C51 COMPILATION COMPLETE.  0 WARNING(S),  0 ERROR(S)
