C51 COMPILER V9.00   MEUN                                                                  08/19/2014 19:44:31 PAGE 1   


C51 COMPILER V9.00, COMPILATION OF MODULE MEUN
OBJECT MODULE PLACED IN meun.OBJ
COMPILER INVOKED BY: D:\Program Files\keil\C51\BIN\C51.EXE meun.c BROWSE DEBUG OBJECTEXTEND

line level    source

   1          #include<stc12c5a60s2.h>//添加头文件
   2          #include<intrins.h>
   3          #include "IR.h"
   4          #include "MEUN.h"
   5          #include "KEY.h"
   6          #include "delay.h"
   7          
   8          
   9          
  10          
  11          uchar code meuna[32]={
  12                                                  0x3C, 0x42, 0x81, 0x9D, 0x91, 0x91, 0x42, 0x3C, //时钟
  13                                                  0x70, 0x8A, 0xBA, 0xAA, 0x72, 0x07, 0x05, 0x00,//shi时间设置
  14                          
  15                                                  0x3c,0x18,0x7e,0x81,0x95,0xa9,0x81,0x7e,                        //动画
  16                                                  0x3C,0x42,0x02,0x3C,0x40,0x42,0x3C,0x00,//S
  17                                                  };              
  18          
  19          
  20          uchar code uln[8]={0x01,0x02,0x04,0x08,0x10,0x20,0x40,0x80};
  21          
  22          
  23          void meun(void);
  24          void display_meun(uchar flag);
  25                                                            
  26          void meun(void)
  27          {       
  28   1              while(1)
  29   1              {
  30   2                      display_meun(flag);
  31   2                      key_meun();
  32   2                      key_2();
  33   2                      ir();
  34   2                      if(ircode[2]==0x47)flag++;
  35   2                      if(ircode[2]==0x45)
  36   2                      {
  37   3                              if(flag==0)flag=3;
  38   3                              else flag--;
  39   3                      }
  40   2                      flag=flag%4;
  41   2                      if(ircode[2]==0x0c)flag=0;
  42   2                      if(ircode[2]==0x18)flag=1;
  43   2                      if(ircode[2]==0x5e)flag=2;
  44   2                      if(ircode[2]==0x08)flag=3;
  45   2                      if(ircode[2]==0x46)k2=1;
  46   2                      ircode[2]=0x00;
  47   2                      if(k2==1)break;
  48   2              }
  49   1      }
  50          
  51          void display_meun(uchar flag)
  52          {
  53   1              uchar i,j;
  54   1              j=flag*8;
  55   1              for(i=0;i<8;i++)
C51 COMPILER V9.00   MEUN                                                                  08/19/2014 19:44:31 PAGE 2   

  56   1              {
  57   2                      P0=0x00;
  58   2                      P1=uln[i];
  59   2                      P2=meuna[j];
  60   2                      P0=0x01;
  61   2                      j++;
  62   2                      delay50us(30);
  63   2                      P0=0x00;
  64   2              }
  65   1                      
  66   1      
  67   1      
  68   1      
  69   1      
  70   1      }
  71          
  72          
  73          
  74          
  75          
  76          
  77          
  78          
  79          
  80          
  81          
  82          
  83          


MODULE INFORMATION:   STATIC OVERLAYABLE
   CODE SIZE        =    142    ----
   CONSTANT SIZE    =     40    ----
   XDATA SIZE       =   ----    ----
   PDATA SIZE       =   ----    ----
   DATA SIZE        =   ----       2
   IDATA SIZE       =   ----    ----
   BIT SIZE         =   ----    ----
END OF MODULE INFORMATION.


C51 COMPILATION COMPLETE.  0 WARNING(S),  0 ERROR(S)
